Build started 10/04/2014 16:30:11.
     1>Project "C:\Users\User\Documents\uni c++\yesno\yesno\yesno.vcxproj" on node 2 (build target(s)).
     1>PrepareForBuild:
         Creating directory "C:\Users\User\Documents\uni c++\yesno\Debug\".
       InitializeBuildStatus:
         Creating "Debug\yesno.unsuccessfulbuild" because "AlwaysCreate" was specified.
       ClCompile:
         c:\Program Files (x86)\Microsoft Visual Studio 10.0\VC\bin\CL.exe /c /ZI /nologo /W3 /WX- /Od /Oy- /D WIN32 /D _DEBUG /D _CONSOLE /D _UNICODE /D UNICODE /Gm /EHsc /RTC1 /MDd /GS /fp:precise /Zc:wchar_t /Zc:forScope /Fo"Debug\\" /Fd"Debug\vc100.pdb" /Gd /TP /analyze- /errorReport:prompt yesno.cpp
         yesno.cpp
       ManifestResourceCompile:
         C:\Program Files (x86)\Microsoft SDKs\Windows\v7.0A\bin\rc.exe /nologo /fo"Debug\yesno.exe.embed.manifest.res" Debug\yesno_manifest.rc 
       Link:
         c:\Program Files (x86)\Microsoft Visual Studio 10.0\VC\bin\link.exe /ERRORREPORT:PROMPT /OUT:"C:\Users\User\Documents\uni c++\yesno\Debug\yesno.exe" /INCREMENTAL /NOLOGO kernel32.lib user32.lib gdi32.lib winspool.lib comdlg32.lib advapi32.lib shell32.lib ole32.lib oleaut32.lib uuid.lib odbc32.lib odbccp32.lib /MANIFEST /ManifestFile:"Debug\yesno.exe.intermediate.manifest" /MANIFESTUAC:"level='asInvoker' uiAccess='false'" /DEBUG /PDB:"C:\Users\User\Documents\uni c++\yesno\Debug\yesno.pdb" /SUBSYSTEM:CONSOLE /TLBID:1 /DYNAMICBASE /NXCOMPAT /IMPLIB:"C:\Users\User\Documents\uni c++\yesno\Debug\yesno.lib" /MACHINE:X86 Debug\yesno.exe.embed.manifest.res
         Debug\yesno.obj
       Manifest:
         C:\Program Files (x86)\Microsoft SDKs\Windows\v7.0A\bin\mt.exe /nologo /verbose /out:"Debug\yesno.exe.embed.manifest" /manifest Debug\yesno.exe.intermediate.manifest
         C:\Program Files (x86)\Microsoft SDKs\Windows\v7.0A\bin\rc.exe /nologo /fo"Debug\yesno.exe.embed.manifest.res" Debug\yesno_manifest.rc 
       LinkEmbedManifest:
         c:\Program Files (x86)\Microsoft Visual Studio 10.0\VC\bin\link.exe /ERRORREPORT:PROMPT /OUT:"C:\Users\User\Documents\uni c++\yesno\Debug\yesno.exe" /INCREMENTAL /NOLOGO kernel32.lib user32.lib gdi32.lib winspool.lib comdlg32.lib advapi32.lib shell32.lib ole32.lib oleaut32.lib uuid.lib odbc32.lib odbccp32.lib /MANIFEST /ManifestFile:"Debug\yesno.exe.intermediate.manifest" /MANIFESTUAC:"level='asInvoker' uiAccess='false'" /DEBUG /PDB:"C:\Users\User\Documents\uni c++\yesno\Debug\yesno.pdb" /SUBSYSTEM:CONSOLE /TLBID:1 /DYNAMICBASE /NXCOMPAT /IMPLIB:"C:\Users\User\Documents\uni c++\yesno\Debug\yesno.lib" /MACHINE:X86 Debug\yesno.exe.embed.manifest.res
         Debug\yesno.obj
         yesno.vcxproj -> C:\Users\User\Documents\uni c++\yesno\Debug\yesno.exe
       FinalizeBuildStatus:
         Deleting file "Debug\yesno.unsuccessfulbuild".
         Touching "Debug\yesno.lastbuildstate".
     1>Done Building Project "C:\Users\User\Documents\uni c++\yesno\yesno\yesno.vcxproj" (build target(s)).

Build succeeded.

Time Elapsed 00:00:03.64
