Build started 15/02/2014 18:27:31.
     1>Project "C:\Users\User\Documents\uni c++\doloop\doloop\doloop.vcxproj" on node 2 (build target(s)).
     1>InitializeBuildStatus:
         Creating "Debug\doloop.unsuccessfulbuild" because "AlwaysCreate" was specified.
       ClCompile:
         c:\Program Files (x86)\Microsoft Visual Studio 10.0\VC\bin\CL.exe /c /ZI /nologo /W3 /WX- /Od /Oy- /D WIN32 /D _DEBUG /D _CONSOLE /D _UNICODE /D UNICODE /Gm /EHsc /RTC1 /MDd /GS /fp:precise /Zc:wchar_t /Zc:forScope /Fo"Debug\\" /Fd"Debug\vc100.pdb" /Gd /TP /analyze- /errorReport:prompt doloop.cpp
         doloop.cpp
       ManifestResourceCompile:
         All outputs are up-to-date.
       Link:
         c:\Program Files (x86)\Microsoft Visual Studio 10.0\VC\bin\link.exe /ERRORREPORT:PROMPT /OUT:"C:\Users\User\Documents\uni c++\doloop\Debug\doloop.exe" /INCREMENTAL /NOLOGO kernel32.lib user32.lib gdi32.lib winspool.lib comdlg32.lib advapi32.lib shell32.lib ole32.lib oleaut32.lib uuid.lib odbc32.lib odbccp32.lib /MANIFEST /ManifestFile:"Debug\doloop.exe.intermediate.manifest" /MANIFESTUAC:"level='asInvoker' uiAccess='false'" /DEBUG /PDB:"C:\Users\User\Documents\uni c++\doloop\Debug\doloop.pdb" /SUBSYSTEM:CONSOLE /TLBID:1 /DYNAMICBASE /NXCOMPAT /IMPLIB:"C:\Users\User\Documents\uni c++\doloop\Debug\doloop.lib" /MACHINE:X86 Debug\doloop.exe.embed.manifest.res
         Debug\doloop.obj
       Manifest:
         C:\Program Files (x86)\Microsoft SDKs\Windows\v7.0A\bin\mt.exe /nologo /verbose /out:"Debug\doloop.exe.embed.manifest" /manifest Debug\doloop.exe.intermediate.manifest
         All outputs are up-to-date.
       LinkEmbedManifest:
         All outputs are up-to-date.
         doloop.vcxproj -> C:\Users\User\Documents\uni c++\doloop\Debug\doloop.exe
       FinalizeBuildStatus:
         Deleting file "Debug\doloop.unsuccessfulbuild".
         Touching "Debug\doloop.lastbuildstate".
     1>Done Building Project "C:\Users\User\Documents\uni c++\doloop\doloop\doloop.vcxproj" (build target(s)).

Build succeeded.

Time Elapsed 00:00:01.27
