Build started 12/04/2014 11:08:58.
     1>Project "C:\Users\User\Documents\uni c++\globalvar\globalvar\globalvar.vcxproj" on node 2 (build target(s)).
     1>InitializeBuildStatus:
         Creating "Debug\globalvar.unsuccessfulbuild" because "AlwaysCreate" was specified.
       ClCompile:
         c:\Program Files (x86)\Microsoft Visual Studio 10.0\VC\bin\CL.exe /c /ZI /nologo /W3 /WX- /Od /Oy- /D WIN32 /D _DEBUG /D _CONSOLE /D _UNICODE /D UNICODE /Gm /EHsc /RTC1 /MDd /GS /fp:precise /Zc:wchar_t /Zc:forScope /Fo"Debug\\" /Fd"Debug\vc100.pdb" /Gd /TP /analyze- /errorReport:prompt globalvar.cpp
         globalvar.cpp
       ManifestResourceCompile:
         All outputs are up-to-date.
       Link:
         c:\Program Files (x86)\Microsoft Visual Studio 10.0\VC\bin\link.exe /ERRORREPORT:PROMPT /OUT:"C:\Users\User\Documents\uni c++\globalvar\Debug\globalvar.exe" /INCREMENTAL /NOLOGO kernel32.lib user32.lib gdi32.lib winspool.lib comdlg32.lib advapi32.lib shell32.lib ole32.lib oleaut32.lib uuid.lib odbc32.lib odbccp32.lib /MANIFEST /ManifestFile:"Debug\globalvar.exe.intermediate.manifest" /MANIFESTUAC:"level='asInvoker' uiAccess='false'" /DEBUG /PDB:"C:\Users\User\Documents\uni c++\globalvar\Debug\globalvar.pdb" /SUBSYSTEM:CONSOLE /TLBID:1 /DYNAMICBASE /NXCOMPAT /IMPLIB:"C:\Users\User\Documents\uni c++\globalvar\Debug\globalvar.lib" /MACHINE:X86 Debug\globalvar.exe.embed.manifest.res
         Debug\globalvar.obj
       Manifest:
         C:\Program Files (x86)\Microsoft SDKs\Windows\v7.0A\bin\mt.exe /nologo /verbose /out:"Debug\globalvar.exe.embed.manifest" /manifest Debug\globalvar.exe.intermediate.manifest
         All outputs are up-to-date.
       LinkEmbedManifest:
         All outputs are up-to-date.
         globalvar.vcxproj -> C:\Users\User\Documents\uni c++\globalvar\Debug\globalvar.exe
       FinalizeBuildStatus:
         Deleting file "Debug\globalvar.unsuccessfulbuild".
         Touching "Debug\globalvar.lastbuildstate".
     1>Done Building Project "C:\Users\User\Documents\uni c++\globalvar\globalvar\globalvar.vcxproj" (build target(s)).

Build succeeded.

Time Elapsed 00:00:00.95
