Build started 23/03/2014 17:10:12.
     1>Project "C:\Users\User\Documents\uni c++\wordjumble\wordjumble\wordjumble.vcxproj" on node 2 (build target(s)).
     1>InitializeBuildStatus:
         Creating "Debug\wordjumble.unsuccessfulbuild" because "AlwaysCreate" was specified.
       ClCompile:
         c:\Program Files (x86)\Microsoft Visual Studio 10.0\VC\bin\CL.exe /c /ZI /nologo /W3 /WX- /Od /Oy- /D WIN32 /D _DEBUG /D _CONSOLE /D _UNICODE /D UNICODE /Gm /EHsc /RTC1 /MDd /GS /fp:precise /Zc:wchar_t /Zc:forScope /Fo"Debug\\" /Fd"Debug\vc100.pdb" /Gd /TP /analyze- /errorReport:prompt wordjumble.cpp
         wordjumble.cpp
       ManifestResourceCompile:
         All outputs are up-to-date.
       Link:
         c:\Program Files (x86)\Microsoft Visual Studio 10.0\VC\bin\link.exe /ERRORREPORT:PROMPT /OUT:"C:\Users\User\Documents\uni c++\wordjumble\Debug\wordjumble.exe" /INCREMENTAL /NOLOGO kernel32.lib user32.lib gdi32.lib winspool.lib comdlg32.lib advapi32.lib shell32.lib ole32.lib oleaut32.lib uuid.lib odbc32.lib odbccp32.lib /MANIFEST /ManifestFile:"Debug\wordjumble.exe.intermediate.manifest" /MANIFESTUAC:"level='asInvoker' uiAccess='false'" /DEBUG /PDB:"C:\Users\User\Documents\uni c++\wordjumble\Debug\wordjumble.pdb" /SUBSYSTEM:CONSOLE /TLBID:1 /DYNAMICBASE /NXCOMPAT /IMPLIB:"C:\Users\User\Documents\uni c++\wordjumble\Debug\wordjumble.lib" /MACHINE:X86 Debug\wordjumble.exe.embed.manifest.res
         Debug\wordjumble.obj
       Manifest:
         C:\Program Files (x86)\Microsoft SDKs\Windows\v7.0A\bin\mt.exe /nologo /verbose /out:"Debug\wordjumble.exe.embed.manifest" /manifest Debug\wordjumble.exe.intermediate.manifest
         All outputs are up-to-date.
       LinkEmbedManifest:
         All outputs are up-to-date.
         wordjumble.vcxproj -> C:\Users\User\Documents\uni c++\wordjumble\Debug\wordjumble.exe
       FinalizeBuildStatus:
         Deleting file "Debug\wordjumble.unsuccessfulbuild".
         Touching "Debug\wordjumble.lastbuildstate".
     1>Done Building Project "C:\Users\User\Documents\uni c++\wordjumble\wordjumble\wordjumble.vcxproj" (build target(s)).

Build succeeded.

Time Elapsed 00:00:01.38
