Build started 11/02/2014 13:01:26.
     1>Project "C:\Users\User\Documents\uni c++\lostfortune\lostfortune\lostfortune.vcxproj" on node 2 (build target(s)).
     1>InitializeBuildStatus:
         Creating "Debug\lostfortune.unsuccessfulbuild" because "AlwaysCreate" was specified.
       ClCompile:
         c:\Program Files (x86)\Microsoft Visual Studio 10.0\VC\bin\CL.exe /c /ZI /nologo /W3 /WX- /Od /Oy- /D WIN32 /D _DEBUG /D _CONSOLE /D _UNICODE /D UNICODE /Gm /EHsc /RTC1 /MDd /GS /fp:precise /Zc:wchar_t /Zc:forScope /Fo"Debug\\" /Fd"Debug\vc100.pdb" /Gd /TP /analyze- /errorReport:prompt lostfortune.cpp
         lostfortune.cpp
     1>c:\users\user\documents\uni c++\lostfortune\lostfortune\lostfortune.cpp(18): warning C4101: 'survived' : unreferenced local variable
       ManifestResourceCompile:
         All outputs are up-to-date.
       Link:
         c:\Program Files (x86)\Microsoft Visual Studio 10.0\VC\bin\link.exe /ERRORREPORT:PROMPT /OUT:"C:\Users\User\Documents\uni c++\lostfortune\Debug\lostfortune.exe" /INCREMENTAL /NOLOGO kernel32.lib user32.lib gdi32.lib winspool.lib comdlg32.lib advapi32.lib shell32.lib ole32.lib oleaut32.lib uuid.lib odbc32.lib odbccp32.lib /MANIFEST /ManifestFile:"Debug\lostfortune.exe.intermediate.manifest" /MANIFESTUAC:"level='asInvoker' uiAccess='false'" /DEBUG /PDB:"C:\Users\User\Documents\uni c++\lostfortune\Debug\lostfortune.pdb" /SUBSYSTEM:CONSOLE /TLBID:1 /DYNAMICBASE /NXCOMPAT /IMPLIB:"C:\Users\User\Documents\uni c++\lostfortune\Debug\lostfortune.lib" /MACHINE:X86 Debug\lostfortune.exe.embed.manifest.res
         Debug\lostfortune.obj
       Manifest:
         C:\Program Files (x86)\Microsoft SDKs\Windows\v7.0A\bin\mt.exe /nologo /verbose /out:"Debug\lostfortune.exe.embed.manifest" /manifest Debug\lostfortune.exe.intermediate.manifest
         All outputs are up-to-date.
       LinkEmbedManifest:
         All outputs are up-to-date.
         lostfortune.vcxproj -> C:\Users\User\Documents\uni c++\lostfortune\Debug\lostfortune.exe
       FinalizeBuildStatus:
         Deleting file "Debug\lostfortune.unsuccessfulbuild".
         Touching "Debug\lostfortune.lastbuildstate".
     1>Done Building Project "C:\Users\User\Documents\uni c++\lostfortune\lostfortune\lostfortune.vcxproj" (build target(s)).

Build succeeded.

Time Elapsed 00:00:01.20
