Build started 16/04/2014 12:43:44.
     1>Project "C:\Users\User\Documents\uni c++\badreferance\badreferance\badreferance.vcxproj" on node 2 (build target(s)).
     1>InitializeBuildStatus:
         Creating "Debug\badreferance.unsuccessfulbuild" because "AlwaysCreate" was specified.
       ClCompile:
         c:\Program Files (x86)\Microsoft Visual Studio 10.0\VC\bin\CL.exe /c /ZI /nologo /W3 /WX- /Od /Oy- /D WIN32 /D _DEBUG /D _CONSOLE /D _UNICODE /D UNICODE /Gm /EHsc /RTC1 /MDd /GS /fp:precise /Zc:wchar_t /Zc:forScope /Fo"Debug\\" /Fd"Debug\vc100.pdb" /Gd /TP /analyze- /errorReport:prompt badrefernce.cpp
         badrefernce.cpp
       ManifestResourceCompile:
         All outputs are up-to-date.
       Link:
         c:\Program Files (x86)\Microsoft Visual Studio 10.0\VC\bin\link.exe /ERRORREPORT:PROMPT /OUT:"C:\Users\User\Documents\uni c++\badreferance\Debug\badreferance.exe" /INCREMENTAL /NOLOGO kernel32.lib user32.lib gdi32.lib winspool.lib comdlg32.lib advapi32.lib shell32.lib ole32.lib oleaut32.lib uuid.lib odbc32.lib odbccp32.lib /MANIFEST /ManifestFile:"Debug\badreferance.exe.intermediate.manifest" /MANIFESTUAC:"level='asInvoker' uiAccess='false'" /DEBUG /PDB:"C:\Users\User\Documents\uni c++\badreferance\Debug\badreferance.pdb" /SUBSYSTEM:CONSOLE /TLBID:1 /DYNAMICBASE /NXCOMPAT /IMPLIB:"C:\Users\User\Documents\uni c++\badreferance\Debug\badreferance.lib" /MACHINE:X86 Debug\badreferance.exe.embed.manifest.res
         Debug\badrefernce.obj
       Manifest:
         C:\Program Files (x86)\Microsoft SDKs\Windows\v7.0A\bin\mt.exe /nologo /verbose /out:"Debug\badreferance.exe.embed.manifest" /manifest Debug\badreferance.exe.intermediate.manifest
         All outputs are up-to-date.
       LinkEmbedManifest:
         All outputs are up-to-date.
         badreferance.vcxproj -> C:\Users\User\Documents\uni c++\badreferance\Debug\badreferance.exe
       FinalizeBuildStatus:
         Deleting file "Debug\badreferance.unsuccessfulbuild".
         Touching "Debug\badreferance.lastbuildstate".
     1>Done Building Project "C:\Users\User\Documents\uni c++\badreferance\badreferance\badreferance.vcxproj" (build target(s)).

Build succeeded.

Time Elapsed 00:00:01.02
