Build started 11/02/2015 20:08:53.
     1>Project "C:\Users\User\Documents\uni c++\tictactoe\tictactoe\tictactoe.vcxproj" on node 2 (build target(s)).
     1>C:\Windows\Microsoft.NET\Framework\v4.0.30319\Microsoft.Common.Targets(1605,5): warning MSB3250: The file "C:\Program Files (x86)\Reference Assemblies\Microsoft\Framework\.NETFramework\v4.0\RedistList\FSharpList.xml" will be ignored because it cannot be read. This file was either passed in to InstalledAssemblyTables or was found by searching the RedistList folder in the TargetFrameworkDirectories. Root element is missing.
     1>InitializeBuildStatus:
         Creating "Debug\tictactoe.unsuccessfulbuild" because "AlwaysCreate" was specified.
       ClCompile:
         C:\Program Files (x86)\Microsoft Visual Studio 10.0\VC\bin\CL.exe /c /ZI /nologo /W3 /WX- /Od /Oy- /D WIN32 /D _DEBUG /D _CONSOLE /D _UNICODE /D UNICODE /Gm /EHsc /RTC1 /MDd /GS /fp:precise /Zc:wchar_t /Zc:forScope /Fo"Debug\\" /Fd"Debug\vc100.pdb" /Gd /TP /analyze- /errorReport:prompt tictactoe.cpp
         tictactoe.cpp
       ManifestResourceCompile:
         C:\Program Files (x86)\Microsoft SDKs\Windows\v7.0A\bin\rc.exe /nologo /fo"Debug\tictactoe.exe.embed.manifest.res" Debug\tictactoe_manifest.rc 
       Link:
         C:\Program Files (x86)\Microsoft Visual Studio 10.0\VC\bin\link.exe /ERRORREPORT:PROMPT /OUT:"C:\Users\User\Documents\uni c++\tictactoe\Debug\tictactoe.exe" /INCREMENTAL /NOLOGO kernel32.lib user32.lib gdi32.lib winspool.lib comdlg32.lib advapi32.lib shell32.lib ole32.lib oleaut32.lib uuid.lib odbc32.lib odbccp32.lib /MANIFEST /ManifestFile:"Debug\tictactoe.exe.intermediate.manifest" /MANIFESTUAC:"level='asInvoker' uiAccess='false'" /DEBUG /PDB:"C:\Users\User\Documents\uni c++\tictactoe\Debug\tictactoe.pdb" /SUBSYSTEM:CONSOLE /TLBID:1 /DYNAMICBASE /NXCOMPAT /IMPLIB:"C:\Users\User\Documents\uni c++\tictactoe\Debug\tictactoe.lib" /MACHINE:X86 Debug\tictactoe.exe.embed.manifest.res
         Debug\tictactoe.obj
       Manifest:
         Deleting file "Debug\tictactoe.exe.embed.manifest".
         C:\Program Files (x86)\Microsoft SDKs\Windows\v7.0A\bin\mt.exe /nologo /verbose /out:"Debug\tictactoe.exe.embed.manifest" /manifest Debug\tictactoe.exe.intermediate.manifest
         C:\Program Files (x86)\Microsoft SDKs\Windows\v7.0A\bin\rc.exe /nologo /fo"Debug\tictactoe.exe.embed.manifest.res" Debug\tictactoe_manifest.rc 
       LinkEmbedManifest:
         C:\Program Files (x86)\Microsoft Visual Studio 10.0\VC\bin\link.exe /ERRORREPORT:PROMPT /OUT:"C:\Users\User\Documents\uni c++\tictactoe\Debug\tictactoe.exe" /INCREMENTAL /NOLOGO kernel32.lib user32.lib gdi32.lib winspool.lib comdlg32.lib advapi32.lib shell32.lib ole32.lib oleaut32.lib uuid.lib odbc32.lib odbccp32.lib /MANIFEST /ManifestFile:"Debug\tictactoe.exe.intermediate.manifest" /MANIFESTUAC:"level='asInvoker' uiAccess='false'" /DEBUG /PDB:"C:\Users\User\Documents\uni c++\tictactoe\Debug\tictactoe.pdb" /SUBSYSTEM:CONSOLE /TLBID:1 /DYNAMICBASE /NXCOMPAT /IMPLIB:"C:\Users\User\Documents\uni c++\tictactoe\Debug\tictactoe.lib" /MACHINE:X86 Debug\tictactoe.exe.embed.manifest.res
         Debug\tictactoe.obj
         tictactoe.vcxproj -> C:\Users\User\Documents\uni c++\tictactoe\Debug\tictactoe.exe
       FinalizeBuildStatus:
         Deleting file "Debug\tictactoe.unsuccessfulbuild".
         Touching "Debug\tictactoe.lastbuildstate".
     1>Done Building Project "C:\Users\User\Documents\uni c++\tictactoe\tictactoe\tictactoe.vcxproj" (build target(s)).

Build succeeded.

Time Elapsed 00:00:02.73
