Build started 03/03/2014 18:11:27.
     1>Project "C:\Users\User\Documents\uni c++\countingmenu\countingmenu\countingmenu.vcxproj" on node 2 (build target(s)).
     1>InitializeBuildStatus:
         Creating "Debug\countingmenu.unsuccessfulbuild" because "AlwaysCreate" was specified.
       ClCompile:
         c:\Program Files (x86)\Microsoft Visual Studio 10.0\VC\bin\CL.exe /c /ZI /nologo /W3 /WX- /Od /Oy- /D WIN32 /D _DEBUG /D _CONSOLE /D _UNICODE /D UNICODE /Gm /EHsc /RTC1 /MDd /GS /fp:precise /Zc:wchar_t /Zc:forScope /Fo"Debug\\" /Fd"Debug\vc100.pdb" /Gd /TP /analyze- /errorReport:prompt countingmenu.cpp
         countingmenu.cpp
     1>c:\users\user\documents\uni c++\countingmenu\countingmenu\countingmenu.cpp(5): warning C4067: unexpected tokens following preprocessor directive - expected a newline
       ManifestResourceCompile:
         All outputs are up-to-date.
       Link:
         c:\Program Files (x86)\Microsoft Visual Studio 10.0\VC\bin\link.exe /ERRORREPORT:PROMPT /OUT:"C:\Users\User\Documents\uni c++\countingmenu\Debug\countingmenu.exe" /INCREMENTAL /NOLOGO kernel32.lib user32.lib gdi32.lib winspool.lib comdlg32.lib advapi32.lib shell32.lib ole32.lib oleaut32.lib uuid.lib odbc32.lib odbccp32.lib /MANIFEST /ManifestFile:"Debug\countingmenu.exe.intermediate.manifest" /MANIFESTUAC:"level='asInvoker' uiAccess='false'" /DEBUG /PDB:"C:\Users\User\Documents\uni c++\countingmenu\Debug\countingmenu.pdb" /SUBSYSTEM:CONSOLE /TLBID:1 /DYNAMICBASE /NXCOMPAT /IMPLIB:"C:\Users\User\Documents\uni c++\countingmenu\Debug\countingmenu.lib" /MACHINE:X86 Debug\countingmenu.exe.embed.manifest.res
         Debug\countingmenu.obj
       Manifest:
         C:\Program Files (x86)\Microsoft SDKs\Windows\v7.0A\bin\mt.exe /nologo /verbose /out:"Debug\countingmenu.exe.embed.manifest" /manifest Debug\countingmenu.exe.intermediate.manifest
         All outputs are up-to-date.
       LinkEmbedManifest:
         All outputs are up-to-date.
         countingmenu.vcxproj -> C:\Users\User\Documents\uni c++\countingmenu\Debug\countingmenu.exe
       FinalizeBuildStatus:
         Deleting file "Debug\countingmenu.unsuccessfulbuild".
         Touching "Debug\countingmenu.lastbuildstate".
     1>Done Building Project "C:\Users\User\Documents\uni c++\countingmenu\countingmenu\countingmenu.vcxproj" (build target(s)).

Build succeeded.

Time Elapsed 00:00:00.98
